<?xml version="1.0" encoding="UTF-8"?>
<!-- Generated by org.testng.reporters.JUnitXMLReporter -->
<testsuite ignored="1" hostname="MacBook-Pro-5.local" failures="0" tests="2" name="Submit order test" time="19.772" errors="0" timestamp="2024-12-19T08:37:36 GMT+04:00">
  <testcase classname="Tests.StandAloneTest" name="submitOrder" time="6.003"/>
  <testcase classname="Tests.StandAloneTest" name="submitOrder" time="5.777"/>
  <testcase classname="Tests.StandAloneTest" name="orderHistoryTest" time="0.0">
    <ignored/>
  </testcase> <!-- orderHistoryTest -->
</testsuite> <!-- Submit order test -->
