<?xml version="1.0" encoding="UTF-8"?>
<!-- Generated by org.testng.reporters.JUnitXMLReporter -->
<testsuite ignored="1" hostname="MacBook-Pro-5.local" failures="0" tests="2" name="Submit order test" time="20.728" errors="0" timestamp="2024-12-14T15:11:04 GMT+04:00">
  <testcase classname="Tests.StandAloneTest" name="submitOrder" time="5.834"/>
  <testcase classname="Tests.StandAloneTest" name="submitOrder" time="5.768"/>
  <testcase classname="Tests.StandAloneTest" name="orderHistoryTest" time="0.0">
    <ignored/>
  </testcase> <!-- orderHistoryTest -->
</testsuite> <!-- Submit order test -->
