<?xml version="1.0" encoding="UTF-8"?>
<!-- Generated by org.testng.reporters.JUnitXMLReporter -->
<testsuite ignored="0" hostname="MacBook-Pro-5.local" failures="1" tests="2" name="Error validations Test" time="11.165" errors="0" timestamp="2024-12-14T15:09:25 GMT+04:00">
  <testcase classname="Tests.ErrorValidationsTest" name="LoginErrorValidation" time="3.563">
    <skipped/>
  </testcase> <!-- LoginErrorValidation -->
  <testcase classname="Tests.ErrorValidationsTest" name="LoginErrorValidation" time="1.172">
    <failure type="java.lang.AssertionError" message="expected [Incorrect email or password.] but found [Incorrect email password.]">
      <![CDATA[java.lang.AssertionError: expected [Incorrect email or password.] but found [Incorrect email password.]
at Tests.ErrorValidationsTest.LoginErrorValidation(ErrorValidationsTest.java:15)
at java.base/java.util.ArrayList.forEach(ArrayList.java:1597)
... Removed 35 stack frames]]>
    </failure>
  </testcase> <!-- LoginErrorValidation -->
</testsuite> <!-- Error validations Test -->
