<?xml version="1.0" encoding="UTF-8"?>
<!-- Generated by org.testng.reporters.JUnitXMLReporter -->
<testsuite ignored="0" hostname="MacBook-Pro-5.local" failures="0" tests="3" name="Submit order test" time="26.614" errors="0" timestamp="2024-12-15T15:05:25 GMT+04:00">
  <testcase classname="Tests.StandAloneTest" name="submitOrder" time="5.773"/>
  <testcase classname="Tests.StandAloneTest" name="submitOrder" time="5.79"/>
  <testcase classname="Tests.StandAloneTest" name="orderHistoryTest" time="1.437"/>
</testsuite> <!-- Submit order test -->
