<?xml version="1.0" encoding="UTF-8"?>
<!-- Generated by org.testng.reporters.JUnitXMLReporter -->
<testsuite ignored="0" hostname="MacBook-Pro-5.local" failures="0" tests="3" name="Submit order test" time="27.449" errors="0" timestamp="2024-12-14T15:09:14 GMT+04:00">
  <testcase classname="Tests.StandAloneTest" name="submitOrder" time="5.859"/>
  <testcase classname="Tests.StandAloneTest" name="submitOrder" time="5.8"/>
  <testcase classname="Tests.StandAloneTest" name="orderHistoryTest" time="1.453"/>
</testsuite> <!-- Submit order test -->
