<?xml version="1.0" encoding="UTF-8"?>
<!-- Generated by org.testng.reporters.JUnitXMLReporter -->
<testsuite ignored="0" hostname="MacBook-Pro-5.local" failures="0" tests="3" name="StandAloneTest" time="26.522" errors="0" timestamp="2024-12-14T15:06:33 GMT+04:00">
  <testcase classname="Tests.StandAloneTest" name="submitOrder" time="5.836"/>
  <testcase classname="Tests.StandAloneTest" name="submitOrder" time="7.834"/>
  <testcase classname="Tests.StandAloneTest" name="orderHistoryTest" time="3.511"/>
</testsuite> <!-- StandAloneTest -->
