<?xml version="1.0" encoding="UTF-8"?>
<!-- Generated by org.testng.reporters.JUnitXMLReporter -->
<testsuite ignored="0" hostname="MacBook-Pro-5.local" failures="0" tests="3" name="StandAloneTest" time="28.91" errors="0" timestamp="2024-12-19T08:33:58 GMT+04:00">
  <testcase classname="Tests.StandAloneTest" name="submitOrder" time="5.948"/>
  <testcase classname="Tests.StandAloneTest" name="submitOrder" time="5.793"/>
  <testcase classname="Tests.StandAloneTest" name="orderHistoryTest" time="3.24"/>
</testsuite> <!-- StandAloneTest -->
